<?xml version="1.0" encoding="UTF-8"?>
<!-- Generated by org.testng.reporters.JUnitReportReporter -->
<testsuite skipped="0" hostname="DESKTOP-K8NGD89" name="com.qa.test.GetAPITest" tests="1" failures="0" timestamp="20 Aug 2019 11:32:02 GMT" time="1.187" errors="0">
  <testcase name="getTest" time="1.187" classname="com.qa.test.GetAPITest"/>
</testsuite> <!-- com.qa.test.GetAPITest -->
